<?xml version="1.0" encoding="UTF-8"?>
<testsuite xmlns:xsi="http://www.w3.org/2001/XMLSchema-instance" xsi:noNamespaceSchemaLocation="https://maven.apache.org/surefire/maven-surefire-plugin/xsd/surefire-test-report-3.0.xsd" version="3.0" name="com.example.app.E_Learning_Application.ELearningApplicationTests" time="7.969" tests="1" errors="0" skipped="0" failures="0">
  <properties>
[...]
</properties>
  <testcase name="contextLoads" classname="com.example.app.E_Learning_Application.ELearningApplicationTests" time="0.581">
    <system-out><![CDATA[16:44:39.095 [main] INFO org.springframework.test.context.support.AnnotationConfigContextLoaderUtils -- Could not detect default configuration classes for test class [com.example.app.E_Learning_Application.ELearningApplicationTests]: ELearningApplicationTests does not declare any static, non-private, non-final, nested classes annotated with @Configuration.
16:44:39.270 [main] INFO org.springframework.boot.test.context.SpringBootTestContextBootstrapper -- Found @SpringBootConfiguration com.example.app.E_Learning_Application.ELearningApplication for test class com.example.app.E_Learning_Application.ELearningApplicationTests
16:44:39.577 [main] INFO org.springframework.boot.devtools.restart.RestartApplicationListener -- Restart disabled due to context in which it is running

  .   ____          _            __ _ _
 /\\ / ___'_ __ _ _(_)_ __  __ _ \ \ \ \
( ( )\___ | '_ | '_| | '_ \/ _` | \ \ \ \
 \\/  ___)| |_)| | | | | || (_| |  ) ) ) )
  '  |____| .__|_| |_|_| |_\__, | / / / /
 =========|_|==============|___/=/_/_/_/

 :: Spring Boot ::                (v3.3.2)

2024-08-21T16:44:39.928+05:30  INFO 8768 --- [E-Learning-Application] [           main] c.e.a.E.ELearningApplicationTests        : Starting ELearningApplicationTests using Java 17.0.10 with PID 8768 (started by as341 in E:\springboot\E-Learning-Application)
2024-08-21T16:44:39.930+05:30  INFO 8768 --- [E-Learning-Application] [           main] c.e.a.E.ELearningApplicationTests        : No active profile set, falling back to 1 default profile: "default"
2024-08-21T16:44:41.037+05:30  INFO 8768 --- [E-Learning-Application] [           main] .s.d.r.c.RepositoryConfigurationDelegate : Bootstrapping Spring Data JPA repositories in DEFAULT mode.
2024-08-21T16:44:41.156+05:30  INFO 8768 --- [E-Learning-Application] [           main] .s.d.r.c.RepositoryConfigurationDelegate : Finished Spring Data repository scanning in 97 ms. Found 4 JPA repository interfaces.
2024-08-21T16:44:41.957+05:30  INFO 8768 --- [E-Learning-Application] [           main] o.hibernate.jpa.internal.util.LogHelper  : HHH000204: Processing PersistenceUnitInfo [name: default]
2024-08-21T16:44:42.087+05:30  INFO 8768 --- [E-Learning-Application] [           main] org.hibernate.Version                    : HHH000412: Hibernate ORM core version 6.5.2.Final
2024-08-21T16:44:42.158+05:30  INFO 8768 --- [E-Learning-Application] [           main] o.h.c.internal.RegionFactoryInitiator    : HHH000026: Second-level cache disabled
2024-08-21T16:44:42.734+05:30  INFO 8768 --- [E-Learning-Application] [           main] o.s.o.j.p.SpringPersistenceUnitInfo      : No LoadTimeWeaver setup: ignoring JPA class transformer
2024-08-21T16:44:42.770+05:30  INFO 8768 --- [E-Learning-Application] [           main] com.zaxxer.hikari.HikariDataSource       : HikariPool-1 - Starting...
2024-08-21T16:44:43.187+05:30  INFO 8768 --- [E-Learning-Application] [           main] com.zaxxer.hikari.pool.HikariPool        : HikariPool-1 - Added connection org.postgresql.jdbc.PgConnection@5dc7841c
2024-08-21T16:44:43.191+05:30  INFO 8768 --- [E-Learning-Application] [           main] com.zaxxer.hikari.HikariDataSource       : HikariPool-1 - Start completed.
2024-08-21T16:44:43.294+05:30  WARN 8768 --- [E-Learning-Application] [           main] org.hibernate.orm.deprecation            : HHH90000025: PostgreSQLDialect does not need to be specified explicitly using 'hibernate.dialect' (remove the property setting and it will be selected by default)
2024-08-21T16:44:44.693+05:30  INFO 8768 --- [E-Learning-Application] [           main] o.h.e.t.j.p.i.JtaPlatformInitiator       : HHH000489: No JTA platform available (set 'hibernate.transaction.jta.platform' to enable JTA platform integration)
Hibernate: 
    alter table if exists courses_category_list 
       drop constraint if exists FKf6126jevijrwe396699nfm7tl
Hibernate: 
    alter table if exists courses_category_list 
       drop constraint if exists FKfppdcxemr6hrjlen6rataghph
Hibernate: 
    alter table if exists videos 
       drop constraint if exists FKh3p9p187yraugqo04bt1pbf57
Hibernate: 
    drop table if exists categories cascade
Hibernate: 
    drop table if exists courses cascade
Hibernate: 
    drop table if exists courses_category_list cascade
Hibernate: 
    drop table if exists users cascade
Hibernate: 
    drop table if exists videos cascade
Hibernate: 
    create table categories (
        created_at timestamp(6),
        description varchar(255),
        id varchar(255) not null,
        title varchar(255),
        primary key (id)
    )
Hibernate: 
    create table courses (
        discount float(53) not null,
        live boolean not null,
        price float(53) not null,
        created_at timestamp(6),
        updated_at timestamp(6),
        banner varchar(255),
        long_description varchar(255),
        short_description varchar(255),
        title varchar(255) not null,
        primary key (title)
    )
Hibernate: 
    create table courses_category_list (
        category_list_id varchar(255) not null,
        courses_title varchar(255) not null
    )
Hibernate: 
    create table users (
        email_verified boolean not null,
        sms_verified boolean not null,
        status smallint check (status between 0 and 2),
        user_role smallint check (user_role between 0 and 2),
        address varchar(255),
        email varchar(255),
        first_name varchar(255),
        last_name varchar(255),
        password varchar(255),
        phone varchar(255),
        profile_picture varchar(255),
        recentotp varchar(255),
        user_id varchar(255) not null,
        primary key (user_id)
    )
Hibernate: 
    create table videos (
        content_type varchar(255),
        course_title varchar(255),
        description varchar(255),
        file_path varchar(255),
        id varchar(255) not null,
        title varchar(255),
        primary key (id)
    )
Hibernate: 
    alter table if exists courses_category_list 
       add constraint FKf6126jevijrwe396699nfm7tl 
       foreign key (category_list_id) 
       references categories
Hibernate: 
    alter table if exists courses_category_list 
       add constraint FKfppdcxemr6hrjlen6rataghph 
       foreign key (courses_title) 
       references courses
Hibernate: 
    alter table if exists videos 
       add constraint FKh3p9p187yraugqo04bt1pbf57 
       foreign key (course_title) 
       references courses
2024-08-21T16:44:44.858+05:30  INFO 8768 --- [E-Learning-Application] [           main] j.LocalContainerEntityManagerFactoryBean : Initialized JPA EntityManagerFactory for persistence unit 'default'
2024-08-21T16:44:45.151+05:30  WARN 8768 --- [E-Learning-Application] [           main] JpaBaseConfiguration$JpaWebConfiguration : spring.jpa.open-in-view is enabled by default. Therefore, database queries may be performed during view rendering. Explicitly configure spring.jpa.open-in-view to disable this warning
2024-08-21T16:44:46.174+05:30  INFO 8768 --- [E-Learning-Application] [           main] c.e.a.E.ELearningApplicationTests        : Started ELearningApplicationTests in 6.613 seconds (process running for 8.472)
]]></system-out>
  </testcase>
</testsuite>