<?xml version="1.0" encoding="UTF-8"?>
<testsuite xmlns:xsi="http://www.w3.org/2001/XMLSchema-instance" xsi:noNamespaceSchemaLocation="https://maven.apache.org/surefire/maven-surefire-plugin/xsd/surefire-test-report-3.0.xsd" version="3.0" name="com.example.app.E_Learning_Application.ELearningApplicationTests" time="8.008" tests="1" errors="0" skipped="0" failures="0">
  <properties>
[...]
</properties>
  <testcase name="contextLoads" classname="com.example.app.E_Learning_Application.ELearningApplicationTests" time="0.667">
    <system-out><![CDATA[15:29:20.839 [main] INFO org.springframework.test.context.support.AnnotationConfigContextLoaderUtils -- Could not detect default configuration classes for test class [com.example.app.E_Learning_Application.ELearningApplicationTests]: ELearningApplicationTests does not declare any static, non-private, non-final, nested classes annotated with @Configuration.
15:29:21.055 [main] INFO org.springframework.boot.test.context.SpringBootTestContextBootstrapper -- Found @SpringBootConfiguration com.example.app.E_Learning_Application.ELearningApplication for test class com.example.app.E_Learning_Application.ELearningApplicationTests
15:29:21.334 [main] INFO org.springframework.boot.devtools.restart.RestartApplicationListener -- Restart disabled due to context in which it is running

  .   ____          _            __ _ _
 /\\ / ___'_ __ _ _(_)_ __  __ _ \ \ \ \
( ( )\___ | '_ | '_| | '_ \/ _` | \ \ \ \
 \\/  ___)| |_)| | | | | || (_| |  ) ) ) )
  '  |____| .__|_| |_|_| |_\__, | / / / /
 =========|_|==============|___/=/_/_/_/

 :: Spring Boot ::                (v3.3.2)

2024-08-25T15:29:21.724+05:30  INFO 11588 --- [E-Learning-Application] [           main] c.e.a.E.ELearningApplicationTests        : Starting ELearningApplicationTests using Java 17.0.10 with PID 11588 (started by as341 in E:\springboot\E-Learning-Application)
2024-08-25T15:29:21.726+05:30  INFO 11588 --- [E-Learning-Application] [           main] c.e.a.E.ELearningApplicationTests        : No active profile set, falling back to 1 default profile: "default"
2024-08-25T15:29:23.169+05:30  INFO 11588 --- [E-Learning-Application] [           main] .s.d.r.c.RepositoryConfigurationDelegate : Bootstrapping Spring Data JPA repositories in DEFAULT mode.
2024-08-25T15:29:23.265+05:30  INFO 11588 --- [E-Learning-Application] [           main] .s.d.r.c.RepositoryConfigurationDelegate : Finished Spring Data repository scanning in 87 ms. Found 4 JPA repository interfaces.
2024-08-25T15:29:23.931+05:30  INFO 11588 --- [E-Learning-Application] [           main] o.hibernate.jpa.internal.util.LogHelper  : HHH000204: Processing PersistenceUnitInfo [name: default]
2024-08-25T15:29:24.021+05:30  INFO 11588 --- [E-Learning-Application] [           main] org.hibernate.Version                    : HHH000412: Hibernate ORM core version 6.5.2.Final
2024-08-25T15:29:24.074+05:30  INFO 11588 --- [E-Learning-Application] [           main] o.h.c.internal.RegionFactoryInitiator    : HHH000026: Second-level cache disabled
2024-08-25T15:29:24.542+05:30  INFO 11588 --- [E-Learning-Application] [           main] o.s.o.j.p.SpringPersistenceUnitInfo      : No LoadTimeWeaver setup: ignoring JPA class transformer
2024-08-25T15:29:24.581+05:30  INFO 11588 --- [E-Learning-Application] [           main] com.zaxxer.hikari.HikariDataSource       : HikariPool-1 - Starting...
2024-08-25T15:29:24.843+05:30  INFO 11588 --- [E-Learning-Application] [           main] com.zaxxer.hikari.pool.HikariPool        : HikariPool-1 - Added connection org.postgresql.jdbc.PgConnection@6ace919c
2024-08-25T15:29:24.846+05:30  INFO 11588 --- [E-Learning-Application] [           main] com.zaxxer.hikari.HikariDataSource       : HikariPool-1 - Start completed.
2024-08-25T15:29:24.897+05:30  WARN 11588 --- [E-Learning-Application] [           main] org.hibernate.orm.deprecation            : HHH90000025: PostgreSQLDialect does not need to be specified explicitly using 'hibernate.dialect' (remove the property setting and it will be selected by default)
2024-08-25T15:29:26.320+05:30  INFO 11588 --- [E-Learning-Application] [           main] o.h.e.t.j.p.i.JtaPlatformInitiator       : HHH000489: No JTA platform available (set 'hibernate.transaction.jta.platform' to enable JTA platform integration)
2024-08-25T15:29:26.422+05:30  INFO 11588 --- [E-Learning-Application] [           main] j.LocalContainerEntityManagerFactoryBean : Initialized JPA EntityManagerFactory for persistence unit 'default'
2024-08-25T15:29:27.151+05:30  WARN 11588 --- [E-Learning-Application] [           main] JpaBaseConfiguration$JpaWebConfiguration : spring.jpa.open-in-view is enabled by default. Therefore, database queries may be performed during view rendering. Explicitly configure spring.jpa.open-in-view to disable this warning
2024-08-25T15:29:27.856+05:30  INFO 11588 --- [E-Learning-Application] [           main] c.e.a.E.ELearningApplicationTests        : Started ELearningApplicationTests in 6.545 seconds (process running for 8.362)
]]></system-out>
  </testcase>
</testsuite>